[2016-08-05 16:10:14.184] [INFO] pomelo - [32m[E:\mypro\IronWolf\game-server\node_modules\pomelo\lib\application.js] [39mapplication inited: "connector-server-1"
[2016-08-05 16:10:14.437] [INFO] pomelo - [32m[E:\mypro\IronWolf\game-server\node_modules\pomelo\lib\application.js] [39m"connector-server-1" enter after start...
[2016-08-05 16:10:14.441] [INFO] pomelo - [32m[E:\mypro\IronWolf\game-server\node_modules\pomelo\lib\application.js] [39m"connector-server-1" finish start
[2016-08-05 16:10:14.441] [INFO] pomelo - [32m[E:\mypro\IronWolf\game-server\node_modules\pomelo\lib\application.js] [39m"connector-server-1" startup in 200 ms
[2016-08-05 16:23:15.791] [INFO] pomelo - [32m[E:\mypro\IronWolf\game-server\node_modules\pomelo\lib\application.js] [39mapplication inited: "connector-server-1"
[2016-08-05 16:23:16.069] [INFO] pomelo - [32m[E:\mypro\IronWolf\game-server\node_modules\pomelo\lib\application.js] [39m"connector-server-1" enter after start...
[2016-08-05 16:23:16.073] [INFO] pomelo - [32m[E:\mypro\IronWolf\game-server\node_modules\pomelo\lib\application.js] [39m"connector-server-1" finish start
[2016-08-05 16:23:16.073] [INFO] pomelo - [32m[E:\mypro\IronWolf\game-server\node_modules\pomelo\lib\application.js] [39m"connector-server-1" startup in 218 ms
[2016-08-05 16:23:22.940] [DEBUG] pomelo - [36m[E:\mypro\IronWolf\game-server\node_modules\pomelo\lib\components\connector.js] [39m[connector-server-1] getSession session is created with session id: 1
[2016-08-05 16:23:22.944] [DEBUG] pomelo - [36m[E:\mypro\IronWolf\game-server\node_modules\pomelo\lib\components\connector.js] [39m[connector-server-1] handleMessage session id: 1, msg: {"id":3,"route":"connector.entryHandler.enter","body":{"username":"aaa","rid":"1","timestamp":1470385402942}}
[2016-08-05 16:23:22.946] [WARN] pomelo - [33m[E:\mypro\IronWolf\game-server\node_modules\pomelo\lib\common\service\handlerService.js] [39mcould not find the method enter in handler: entryHandler
[2016-08-05 16:23:22.947] [ERROR] pomelo - [31m[E:\mypro\IronWolf\game-server\node_modules\pomelo\lib\common\service\handlerService.js] [39m[handleManager]: fail to find handler for "connector.entryHandler.enter"
[2016-08-05 16:23:22.948] [DEBUG] pomelo - [36m[E:\mypro\IronWolf\game-server\node_modules\pomelo\lib\server\server.js] [39mno default error handler to resolve unknown exception. Error: fail to find handler for connector.entryHandler.enter
    at Service.handle (E:\mypro\IronWolf\game-server\node_modules\pomelo\lib\common\service\handlerService.js:33:30)
    at handle (E:\mypro\IronWolf\game-server\node_modules\pomelo\lib\server\server.js:370:25)
    at next (E:\mypro\IronWolf\game-server\node_modules\pomelo\lib\common\service\filterService.js:50:7)
    at Service.beforeFilter (E:\mypro\IronWolf\game-server\node_modules\pomelo\lib\common\service\filterService.js:65:3)
    at beforeFilter (E:\mypro\IronWolf\game-server\node_modules\pomelo\lib\server\server.js:242:8)
    at doHandle (E:\mypro\IronWolf\game-server\node_modules\pomelo\lib\server\server.js:383:3)
    at dispatch (E:\mypro\IronWolf\game-server\node_modules\pomelo\lib\server\server.js:107:7)
    at next (E:\mypro\IronWolf\game-server\node_modules\pomelo\lib\common\service\filterService.js:50:7)
    at Service.beforeFilter (E:\mypro\IronWolf\game-server\node_modules\pomelo\lib\common\service\filterService.js:65:3)
    at beforeFilter (E:\mypro\IronWolf\game-server\node_modules\pomelo\lib\server\server.js:242:8)
[2016-08-05 16:23:22.949] [DEBUG] pomelo - [36m[E:\mypro\IronWolf\game-server\node_modules\pomelo\lib\components\connector.js] [39m[connector-server-1] send message reqId: 3, route: connector.entryHandler.enter, msg: {"code":500}, receivers: [1], opts: {"type":"response","userOptions":{},"isResponse":true}
[2016-08-05 16:39:10.867] [DEBUG] pomelo - [36m[E:\mypro\IronWolf\game-server\node_modules\pomelo\lib\common\service\sessionService.js] [39msession on [connector-server-1] is closed with session id: 1
[2016-08-05 16:39:16.834] [DEBUG] pomelo - [36m[E:\mypro\IronWolf\game-server\node_modules\pomelo\lib\components\connector.js] [39m[connector-server-1] getSession session is created with session id: 2
[2016-08-05 16:39:16.837] [DEBUG] pomelo - [36m[E:\mypro\IronWolf\game-server\node_modules\pomelo\lib\components\connector.js] [39m[connector-server-1] handleMessage session id: 2, msg: {"id":3,"route":"connector.entryHandler.enter","body":{"username":"qqq","rid":"1","timestamp":1470386356836}}
[2016-08-05 16:39:16.841] [WARN] pomelo - [33m[E:\mypro\IronWolf\game-server\node_modules\pomelo\lib\common\service\handlerService.js] [39mcould not find the method enter in handler: entryHandler
[2016-08-05 16:39:16.841] [ERROR] pomelo - [31m[E:\mypro\IronWolf\game-server\node_modules\pomelo\lib\common\service\handlerService.js] [39m[handleManager]: fail to find handler for "connector.entryHandler.enter"
[2016-08-05 16:39:16.843] [DEBUG] pomelo - [36m[E:\mypro\IronWolf\game-server\node_modules\pomelo\lib\server\server.js] [39mno default error handler to resolve unknown exception. Error: fail to find handler for connector.entryHandler.enter
    at Service.handle (E:\mypro\IronWolf\game-server\node_modules\pomelo\lib\common\service\handlerService.js:33:30)
    at handle (E:\mypro\IronWolf\game-server\node_modules\pomelo\lib\server\server.js:370:25)
    at next (E:\mypro\IronWolf\game-server\node_modules\pomelo\lib\common\service\filterService.js:50:7)
    at Service.beforeFilter (E:\mypro\IronWolf\game-server\node_modules\pomelo\lib\common\service\filterService.js:65:3)
    at beforeFilter (E:\mypro\IronWolf\game-server\node_modules\pomelo\lib\server\server.js:242:8)
    at doHandle (E:\mypro\IronWolf\game-server\node_modules\pomelo\lib\server\server.js:383:3)
    at dispatch (E:\mypro\IronWolf\game-server\node_modules\pomelo\lib\server\server.js:107:7)
    at next (E:\mypro\IronWolf\game-server\node_modules\pomelo\lib\common\service\filterService.js:50:7)
    at Service.beforeFilter (E:\mypro\IronWolf\game-server\node_modules\pomelo\lib\common\service\filterService.js:65:3)
    at beforeFilter (E:\mypro\IronWolf\game-server\node_modules\pomelo\lib\server\server.js:242:8)
[2016-08-05 16:39:16.843] [DEBUG] pomelo - [36m[E:\mypro\IronWolf\game-server\node_modules\pomelo\lib\components\connector.js] [39m[connector-server-1] send message reqId: 3, route: connector.entryHandler.enter, msg: {"code":500}, receivers: [2], opts: {"type":"response","userOptions":{},"isResponse":true}
[2016-08-05 16:42:01.396] [DEBUG] pomelo - [36m[E:\mypro\IronWolf\game-server\node_modules\pomelo\lib\components\connector.js] [39m[connector-server-1] getSession session is created with session id: 3
[2016-08-05 16:42:01.397] [DEBUG] pomelo - [36m[E:\mypro\IronWolf\game-server\node_modules\pomelo\lib\components\connector.js] [39m[connector-server-1] handleMessage session id: 3, msg: {"id":5,"route":"connector.entryHandler.enter","body":{"username":"qqq","rid":"1","timestamp":1470386521396}}
[2016-08-05 16:42:01.397] [WARN] pomelo - [33m[E:\mypro\IronWolf\game-server\node_modules\pomelo\lib\common\service\handlerService.js] [39mcould not find the method enter in handler: entryHandler
[2016-08-05 16:42:01.397] [ERROR] pomelo - [31m[E:\mypro\IronWolf\game-server\node_modules\pomelo\lib\common\service\handlerService.js] [39m[handleManager]: fail to find handler for "connector.entryHandler.enter"
[2016-08-05 16:42:01.397] [DEBUG] pomelo - [36m[E:\mypro\IronWolf\game-server\node_modules\pomelo\lib\server\server.js] [39mno default error handler to resolve unknown exception. Error: fail to find handler for connector.entryHandler.enter
    at Service.handle (E:\mypro\IronWolf\game-server\node_modules\pomelo\lib\common\service\handlerService.js:33:30)
    at handle (E:\mypro\IronWolf\game-server\node_modules\pomelo\lib\server\server.js:370:25)
    at next (E:\mypro\IronWolf\game-server\node_modules\pomelo\lib\common\service\filterService.js:50:7)
    at Service.beforeFilter (E:\mypro\IronWolf\game-server\node_modules\pomelo\lib\common\service\filterService.js:65:3)
    at beforeFilter (E:\mypro\IronWolf\game-server\node_modules\pomelo\lib\server\server.js:242:8)
    at doHandle (E:\mypro\IronWolf\game-server\node_modules\pomelo\lib\server\server.js:383:3)
    at dispatch (E:\mypro\IronWolf\game-server\node_modules\pomelo\lib\server\server.js:107:7)
    at next (E:\mypro\IronWolf\game-server\node_modules\pomelo\lib\common\service\filterService.js:50:7)
    at Service.beforeFilter (E:\mypro\IronWolf\game-server\node_modules\pomelo\lib\common\service\filterService.js:65:3)
    at beforeFilter (E:\mypro\IronWolf\game-server\node_modules\pomelo\lib\server\server.js:242:8)
[2016-08-05 16:42:01.398] [DEBUG] pomelo - [36m[E:\mypro\IronWolf\game-server\node_modules\pomelo\lib\components\connector.js] [39m[connector-server-1] send message reqId: 5, route: connector.entryHandler.enter, msg: {"code":500}, receivers: [3], opts: {"type":"response","userOptions":{},"isResponse":true}
[2016-08-05 16:42:02.779] [DEBUG] pomelo - [36m[E:\mypro\IronWolf\game-server\node_modules\pomelo\lib\common\service\sessionService.js] [39msession on [connector-server-1] is closed with session id: 2
[2016-08-05 16:42:02.780] [DEBUG] pomelo - [36m[E:\mypro\IronWolf\game-server\node_modules\pomelo\lib\common\service\sessionService.js] [39msession on [connector-server-1] is closed with session id: 3
[2016-08-05 16:42:07.337] [DEBUG] pomelo - [36m[E:\mypro\IronWolf\game-server\node_modules\pomelo\lib\components\connector.js] [39m[connector-server-1] getSession session is created with session id: 4
[2016-08-05 16:42:07.340] [DEBUG] pomelo - [36m[E:\mypro\IronWolf\game-server\node_modules\pomelo\lib\components\connector.js] [39m[connector-server-1] handleMessage session id: 4, msg: {"id":3,"route":"connector.entryHandler.enter","body":{"username":"aa","rid":"1","timestamp":1470386527339}}
[2016-08-05 16:42:07.340] [WARN] pomelo - [33m[E:\mypro\IronWolf\game-server\node_modules\pomelo\lib\common\service\handlerService.js] [39mcould not find the method enter in handler: entryHandler
[2016-08-05 16:42:07.340] [ERROR] pomelo - [31m[E:\mypro\IronWolf\game-server\node_modules\pomelo\lib\common\service\handlerService.js] [39m[handleManager]: fail to find handler for "connector.entryHandler.enter"
[2016-08-05 16:42:07.341] [DEBUG] pomelo - [36m[E:\mypro\IronWolf\game-server\node_modules\pomelo\lib\server\server.js] [39mno default error handler to resolve unknown exception. Error: fail to find handler for connector.entryHandler.enter
    at Service.handle (E:\mypro\IronWolf\game-server\node_modules\pomelo\lib\common\service\handlerService.js:33:30)
    at handle (E:\mypro\IronWolf\game-server\node_modules\pomelo\lib\server\server.js:370:25)
    at next (E:\mypro\IronWolf\game-server\node_modules\pomelo\lib\common\service\filterService.js:50:7)
    at Service.beforeFilter (E:\mypro\IronWolf\game-server\node_modules\pomelo\lib\common\service\filterService.js:65:3)
    at beforeFilter (E:\mypro\IronWolf\game-server\node_modules\pomelo\lib\server\server.js:242:8)
    at doHandle (E:\mypro\IronWolf\game-server\node_modules\pomelo\lib\server\server.js:383:3)
    at dispatch (E:\mypro\IronWolf\game-server\node_modules\pomelo\lib\server\server.js:107:7)
    at next (E:\mypro\IronWolf\game-server\node_modules\pomelo\lib\common\service\filterService.js:50:7)
    at Service.beforeFilter (E:\mypro\IronWolf\game-server\node_modules\pomelo\lib\common\service\filterService.js:65:3)
    at beforeFilter (E:\mypro\IronWolf\game-server\node_modules\pomelo\lib\server\server.js:242:8)
[2016-08-05 16:42:07.341] [DEBUG] pomelo - [36m[E:\mypro\IronWolf\game-server\node_modules\pomelo\lib\components\connector.js] [39m[connector-server-1] send message reqId: 3, route: connector.entryHandler.enter, msg: {"code":500}, receivers: [4], opts: {"type":"response","userOptions":{},"isResponse":true}
[2016-08-05 16:42:14.057] [DEBUG] pomelo - [36m[E:\mypro\IronWolf\game-server\node_modules\pomelo\lib\components\connector.js] [39m[connector-server-1] getSession session is created with session id: 5
[2016-08-05 16:42:14.059] [DEBUG] pomelo - [36m[E:\mypro\IronWolf\game-server\node_modules\pomelo\lib\components\connector.js] [39m[connector-server-1] handleMessage session id: 5, msg: {"id":5,"route":"connector.entryHandler.enter","body":{"username":"aa","rid":"1","timestamp":1470386534058}}
[2016-08-05 16:42:14.059] [WARN] pomelo - [33m[E:\mypro\IronWolf\game-server\node_modules\pomelo\lib\common\service\handlerService.js] [39mcould not find the method enter in handler: entryHandler
[2016-08-05 16:42:14.059] [ERROR] pomelo - [31m[E:\mypro\IronWolf\game-server\node_modules\pomelo\lib\common\service\handlerService.js] [39m[handleManager]: fail to find handler for "connector.entryHandler.enter"
[2016-08-05 16:42:14.059] [DEBUG] pomelo - [36m[E:\mypro\IronWolf\game-server\node_modules\pomelo\lib\server\server.js] [39mno default error handler to resolve unknown exception. Error: fail to find handler for connector.entryHandler.enter
    at Service.handle (E:\mypro\IronWolf\game-server\node_modules\pomelo\lib\common\service\handlerService.js:33:30)
    at handle (E:\mypro\IronWolf\game-server\node_modules\pomelo\lib\server\server.js:370:25)
    at next (E:\mypro\IronWolf\game-server\node_modules\pomelo\lib\common\service\filterService.js:50:7)
    at Service.beforeFilter (E:\mypro\IronWolf\game-server\node_modules\pomelo\lib\common\service\filterService.js:65:3)
    at beforeFilter (E:\mypro\IronWolf\game-server\node_modules\pomelo\lib\server\server.js:242:8)
    at doHandle (E:\mypro\IronWolf\game-server\node_modules\pomelo\lib\server\server.js:383:3)
    at dispatch (E:\mypro\IronWolf\game-server\node_modules\pomelo\lib\server\server.js:107:7)
    at next (E:\mypro\IronWolf\game-server\node_modules\pomelo\lib\common\service\filterService.js:50:7)
    at Service.beforeFilter (E:\mypro\IronWolf\game-server\node_modules\pomelo\lib\common\service\filterService.js:65:3)
    at beforeFilter (E:\mypro\IronWolf\game-server\node_modules\pomelo\lib\server\server.js:242:8)
[2016-08-05 16:42:14.060] [DEBUG] pomelo - [36m[E:\mypro\IronWolf\game-server\node_modules\pomelo\lib\components\connector.js] [39m[connector-server-1] send message reqId: 5, route: connector.entryHandler.enter, msg: {"code":500}, receivers: [5], opts: {"type":"response","userOptions":{},"isResponse":true}
[2016-08-05 16:42:15.275] [DEBUG] pomelo - [36m[E:\mypro\IronWolf\game-server\node_modules\pomelo\lib\common\service\sessionService.js] [39msession on [connector-server-1] is closed with session id: 4
[2016-08-05 16:42:15.276] [DEBUG] pomelo - [36m[E:\mypro\IronWolf\game-server\node_modules\pomelo\lib\common\service\sessionService.js] [39msession on [connector-server-1] is closed with session id: 5
[2016-08-05 16:42:19.014] [DEBUG] pomelo - [36m[E:\mypro\IronWolf\game-server\node_modules\pomelo\lib\components\connector.js] [39m[connector-server-1] getSession session is created with session id: 6
[2016-08-05 16:42:19.016] [DEBUG] pomelo - [36m[E:\mypro\IronWolf\game-server\node_modules\pomelo\lib\components\connector.js] [39m[connector-server-1] handleMessage session id: 6, msg: {"id":3,"route":"connector.entryHandler.enter","body":{"username":"aaa","rid":"1","timestamp":1470386539015}}
[2016-08-05 16:42:19.016] [WARN] pomelo - [33m[E:\mypro\IronWolf\game-server\node_modules\pomelo\lib\common\service\handlerService.js] [39mcould not find the method enter in handler: entryHandler
[2016-08-05 16:42:19.016] [ERROR] pomelo - [31m[E:\mypro\IronWolf\game-server\node_modules\pomelo\lib\common\service\handlerService.js] [39m[handleManager]: fail to find handler for "connector.entryHandler.enter"
[2016-08-05 16:42:19.016] [DEBUG] pomelo - [36m[E:\mypro\IronWolf\game-server\node_modules\pomelo\lib\server\server.js] [39mno default error handler to resolve unknown exception. Error: fail to find handler for connector.entryHandler.enter
    at Service.handle (E:\mypro\IronWolf\game-server\node_modules\pomelo\lib\common\service\handlerService.js:33:30)
    at handle (E:\mypro\IronWolf\game-server\node_modules\pomelo\lib\server\server.js:370:25)
    at next (E:\mypro\IronWolf\game-server\node_modules\pomelo\lib\common\service\filterService.js:50:7)
    at Service.beforeFilter (E:\mypro\IronWolf\game-server\node_modules\pomelo\lib\common\service\filterService.js:65:3)
    at beforeFilter (E:\mypro\IronWolf\game-server\node_modules\pomelo\lib\server\server.js:242:8)
    at doHandle (E:\mypro\IronWolf\game-server\node_modules\pomelo\lib\server\server.js:383:3)
    at dispatch (E:\mypro\IronWolf\game-server\node_modules\pomelo\lib\server\server.js:107:7)
    at next (E:\mypro\IronWolf\game-server\node_modules\pomelo\lib\common\service\filterService.js:50:7)
    at Service.beforeFilter (E:\mypro\IronWolf\game-server\node_modules\pomelo\lib\common\service\filterService.js:65:3)
    at beforeFilter (E:\mypro\IronWolf\game-server\node_modules\pomelo\lib\server\server.js:242:8)
[2016-08-05 16:42:19.016] [DEBUG] pomelo - [36m[E:\mypro\IronWolf\game-server\node_modules\pomelo\lib\components\connector.js] [39m[connector-server-1] send message reqId: 3, route: connector.entryHandler.enter, msg: {"code":500}, receivers: [6], opts: {"type":"response","userOptions":{},"isResponse":true}
[2016-08-05 16:42:30.081] [DEBUG] pomelo - [36m[E:\mypro\IronWolf\game-server\node_modules\pomelo\lib\common\service\sessionService.js] [39msession on [connector-server-1] is closed with session id: 6
[2016-08-05 16:42:34.348] [DEBUG] pomelo - [36m[E:\mypro\IronWolf\game-server\node_modules\pomelo\lib\components\connector.js] [39m[connector-server-1] getSession session is created with session id: 7
[2016-08-05 16:42:34.350] [DEBUG] pomelo - [36m[E:\mypro\IronWolf\game-server\node_modules\pomelo\lib\components\connector.js] [39m[connector-server-1] handleMessage session id: 7, msg: {"id":3,"route":"connector.entryHandler.enter","body":{"username":"aa","rid":"1","timestamp":1470386554349}}
[2016-08-05 16:42:34.350] [WARN] pomelo - [33m[E:\mypro\IronWolf\game-server\node_modules\pomelo\lib\common\service\handlerService.js] [39mcould not find the method enter in handler: entryHandler
[2016-08-05 16:42:34.350] [ERROR] pomelo - [31m[E:\mypro\IronWolf\game-server\node_modules\pomelo\lib\common\service\handlerService.js] [39m[handleManager]: fail to find handler for "connector.entryHandler.enter"
[2016-08-05 16:42:34.350] [DEBUG] pomelo - [36m[E:\mypro\IronWolf\game-server\node_modules\pomelo\lib\server\server.js] [39mno default error handler to resolve unknown exception. Error: fail to find handler for connector.entryHandler.enter
    at Service.handle (E:\mypro\IronWolf\game-server\node_modules\pomelo\lib\common\service\handlerService.js:33:30)
    at handle (E:\mypro\IronWolf\game-server\node_modules\pomelo\lib\server\server.js:370:25)
    at next (E:\mypro\IronWolf\game-server\node_modules\pomelo\lib\common\service\filterService.js:50:7)
    at Service.beforeFilter (E:\mypro\IronWolf\game-server\node_modules\pomelo\lib\common\service\filterService.js:65:3)
    at beforeFilter (E:\mypro\IronWolf\game-server\node_modules\pomelo\lib\server\server.js:242:8)
    at doHandle (E:\mypro\IronWolf\game-server\node_modules\pomelo\lib\server\server.js:383:3)
    at dispatch (E:\mypro\IronWolf\game-server\node_modules\pomelo\lib\server\server.js:107:7)
    at next (E:\mypro\IronWolf\game-server\node_modules\pomelo\lib\common\service\filterService.js:50:7)
    at Service.beforeFilter (E:\mypro\IronWolf\game-server\node_modules\pomelo\lib\common\service\filterService.js:65:3)
    at beforeFilter (E:\mypro\IronWolf\game-server\node_modules\pomelo\lib\server\server.js:242:8)
[2016-08-05 16:42:34.350] [DEBUG] pomelo - [36m[E:\mypro\IronWolf\game-server\node_modules\pomelo\lib\components\connector.js] [39m[connector-server-1] send message reqId: 3, route: connector.entryHandler.enter, msg: {"code":500}, receivers: [7], opts: {"type":"response","userOptions":{},"isResponse":true}
[2016-08-05 16:49:49.467] [DEBUG] pomelo - [36m[E:\mypro\IronWolf\game-server\node_modules\pomelo\lib\common\service\sessionService.js] [39msession on [connector-server-1] is closed with session id: 7
[2016-08-05 16:49:56.152] [DEBUG] pomelo - [36m[E:\mypro\IronWolf\game-server\node_modules\pomelo\lib\components\connector.js] [39m[connector-server-1] getSession session is created with session id: 8
[2016-08-05 16:49:56.153] [DEBUG] pomelo - [36m[E:\mypro\IronWolf\game-server\node_modules\pomelo\lib\components\connector.js] [39m[connector-server-1] handleMessage session id: 8, msg: {"id":3,"route":"connector.entryHandler.enter","body":{"username":"111","rid":"2","timestamp":1470386996152}}
[2016-08-05 16:49:56.153] [WARN] pomelo - [33m[E:\mypro\IronWolf\game-server\node_modules\pomelo\lib\common\service\handlerService.js] [39mcould not find the method enter in handler: entryHandler
[2016-08-05 16:49:56.154] [ERROR] pomelo - [31m[E:\mypro\IronWolf\game-server\node_modules\pomelo\lib\common\service\handlerService.js] [39m[handleManager]: fail to find handler for "connector.entryHandler.enter"
[2016-08-05 16:49:56.154] [DEBUG] pomelo - [36m[E:\mypro\IronWolf\game-server\node_modules\pomelo\lib\server\server.js] [39mno default error handler to resolve unknown exception. Error: fail to find handler for connector.entryHandler.enter
    at Service.handle (E:\mypro\IronWolf\game-server\node_modules\pomelo\lib\common\service\handlerService.js:33:30)
    at handle (E:\mypro\IronWolf\game-server\node_modules\pomelo\lib\server\server.js:370:25)
    at next (E:\mypro\IronWolf\game-server\node_modules\pomelo\lib\common\service\filterService.js:50:7)
    at Service.beforeFilter (E:\mypro\IronWolf\game-server\node_modules\pomelo\lib\common\service\filterService.js:65:3)
    at beforeFilter (E:\mypro\IronWolf\game-server\node_modules\pomelo\lib\server\server.js:242:8)
    at doHandle (E:\mypro\IronWolf\game-server\node_modules\pomelo\lib\server\server.js:383:3)
    at dispatch (E:\mypro\IronWolf\game-server\node_modules\pomelo\lib\server\server.js:107:7)
    at next (E:\mypro\IronWolf\game-server\node_modules\pomelo\lib\common\service\filterService.js:50:7)
    at Service.beforeFilter (E:\mypro\IronWolf\game-server\node_modules\pomelo\lib\common\service\filterService.js:65:3)
    at beforeFilter (E:\mypro\IronWolf\game-server\node_modules\pomelo\lib\server\server.js:242:8)
[2016-08-05 16:49:56.154] [DEBUG] pomelo - [36m[E:\mypro\IronWolf\game-server\node_modules\pomelo\lib\components\connector.js] [39m[connector-server-1] send message reqId: 3, route: connector.entryHandler.enter, msg: {"code":500}, receivers: [8], opts: {"type":"response","userOptions":{},"isResponse":true}
[2016-08-05 16:50:39.649] [DEBUG] pomelo - [36m[E:\mypro\IronWolf\game-server\node_modules\pomelo\lib\common\service\sessionService.js] [39msession on [connector-server-1] is closed with session id: 8
[2016-08-05 16:50:43.911] [DEBUG] pomelo - [36m[E:\mypro\IronWolf\game-server\node_modules\pomelo\lib\components\connector.js] [39m[connector-server-1] getSession session is created with session id: 9
[2016-08-05 16:50:43.912] [DEBUG] pomelo - [36m[E:\mypro\IronWolf\game-server\node_modules\pomelo\lib\components\connector.js] [39m[connector-server-1] handleMessage session id: 9, msg: {"id":3,"route":"connector.entryHandler.enter","body":{"username":"111","rid":"1","timestamp":1470387043911}}
[2016-08-05 16:50:43.913] [WARN] pomelo - [33m[E:\mypro\IronWolf\game-server\node_modules\pomelo\lib\common\service\handlerService.js] [39mcould not find the method enter in handler: entryHandler
[2016-08-05 16:50:43.913] [ERROR] pomelo - [31m[E:\mypro\IronWolf\game-server\node_modules\pomelo\lib\common\service\handlerService.js] [39m[handleManager]: fail to find handler for "connector.entryHandler.enter"
[2016-08-05 16:50:43.914] [DEBUG] pomelo - [36m[E:\mypro\IronWolf\game-server\node_modules\pomelo\lib\server\server.js] [39mno default error handler to resolve unknown exception. Error: fail to find handler for connector.entryHandler.enter
    at Service.handle (E:\mypro\IronWolf\game-server\node_modules\pomelo\lib\common\service\handlerService.js:33:30)
    at handle (E:\mypro\IronWolf\game-server\node_modules\pomelo\lib\server\server.js:370:25)
    at next (E:\mypro\IronWolf\game-server\node_modules\pomelo\lib\common\service\filterService.js:50:7)
    at Service.beforeFilter (E:\mypro\IronWolf\game-server\node_modules\pomelo\lib\common\service\filterService.js:65:3)
    at beforeFilter (E:\mypro\IronWolf\game-server\node_modules\pomelo\lib\server\server.js:242:8)
    at doHandle (E:\mypro\IronWolf\game-server\node_modules\pomelo\lib\server\server.js:383:3)
    at dispatch (E:\mypro\IronWolf\game-server\node_modules\pomelo\lib\server\server.js:107:7)
    at next (E:\mypro\IronWolf\game-server\node_modules\pomelo\lib\common\service\filterService.js:50:7)
    at Service.beforeFilter (E:\mypro\IronWolf\game-server\node_modules\pomelo\lib\common\service\filterService.js:65:3)
    at beforeFilter (E:\mypro\IronWolf\game-server\node_modules\pomelo\lib\server\server.js:242:8)
[2016-08-05 16:50:43.914] [DEBUG] pomelo - [36m[E:\mypro\IronWolf\game-server\node_modules\pomelo\lib\components\connector.js] [39m[connector-server-1] send message reqId: 3, route: connector.entryHandler.enter, msg: {"code":500}, receivers: [9], opts: {"type":"response","userOptions":{},"isResponse":true}
[2016-08-05 16:51:03.114] [DEBUG] pomelo - [36m[E:\mypro\IronWolf\game-server\node_modules\pomelo\lib\components\connector.js] [39m[connector-server-1] getSession session is created with session id: 10
[2016-08-05 16:51:03.115] [DEBUG] pomelo - [36m[E:\mypro\IronWolf\game-server\node_modules\pomelo\lib\components\connector.js] [39m[connector-server-1] handleMessage session id: 10, msg: {"id":5,"route":"connector.entryHandler.enter","body":{"username":"111","rid":"1","timestamp":1470387063114}}
[2016-08-05 16:51:03.115] [WARN] pomelo - [33m[E:\mypro\IronWolf\game-server\node_modules\pomelo\lib\common\service\handlerService.js] [39mcould not find the method enter in handler: entryHandler
[2016-08-05 16:51:03.115] [ERROR] pomelo - [31m[E:\mypro\IronWolf\game-server\node_modules\pomelo\lib\common\service\handlerService.js] [39m[handleManager]: fail to find handler for "connector.entryHandler.enter"
[2016-08-05 16:51:03.116] [DEBUG] pomelo - [36m[E:\mypro\IronWolf\game-server\node_modules\pomelo\lib\server\server.js] [39mno default error handler to resolve unknown exception. Error: fail to find handler for connector.entryHandler.enter
    at Service.handle (E:\mypro\IronWolf\game-server\node_modules\pomelo\lib\common\service\handlerService.js:33:30)
    at handle (E:\mypro\IronWolf\game-server\node_modules\pomelo\lib\server\server.js:370:25)
    at next (E:\mypro\IronWolf\game-server\node_modules\pomelo\lib\common\service\filterService.js:50:7)
    at Service.beforeFilter (E:\mypro\IronWolf\game-server\node_modules\pomelo\lib\common\service\filterService.js:65:3)
    at beforeFilter (E:\mypro\IronWolf\game-server\node_modules\pomelo\lib\server\server.js:242:8)
    at doHandle (E:\mypro\IronWolf\game-server\node_modules\pomelo\lib\server\server.js:383:3)
    at dispatch (E:\mypro\IronWolf\game-server\node_modules\pomelo\lib\server\server.js:107:7)
    at next (E:\mypro\IronWolf\game-server\node_modules\pomelo\lib\common\service\filterService.js:50:7)
    at Service.beforeFilter (E:\mypro\IronWolf\game-server\node_modules\pomelo\lib\common\service\filterService.js:65:3)
    at beforeFilter (E:\mypro\IronWolf\game-server\node_modules\pomelo\lib\server\server.js:242:8)
[2016-08-05 16:51:03.116] [DEBUG] pomelo - [36m[E:\mypro\IronWolf\game-server\node_modules\pomelo\lib\components\connector.js] [39m[connector-server-1] send message reqId: 5, route: connector.entryHandler.enter, msg: {"code":500}, receivers: [10], opts: {"type":"response","userOptions":{},"isResponse":true}
[2016-08-05 16:51:04.149] [DEBUG] pomelo - [36m[E:\mypro\IronWolf\game-server\node_modules\pomelo\lib\common\service\sessionService.js] [39msession on [connector-server-1] is closed with session id: 9
[2016-08-05 16:51:04.149] [DEBUG] pomelo - [36m[E:\mypro\IronWolf\game-server\node_modules\pomelo\lib\common\service\sessionService.js] [39msession on [connector-server-1] is closed with session id: 10
[2016-08-05 16:51:07.271] [DEBUG] pomelo - [36m[E:\mypro\IronWolf\game-server\node_modules\pomelo\lib\components\connector.js] [39m[connector-server-1] getSession session is created with session id: 11
[2016-08-05 16:51:07.273] [DEBUG] pomelo - [36m[E:\mypro\IronWolf\game-server\node_modules\pomelo\lib\components\connector.js] [39m[connector-server-1] handleMessage session id: 11, msg: {"id":3,"route":"connector.entryHandler.enter","body":{"username":"111","rid":"2","timestamp":1470387067272}}
[2016-08-05 16:51:07.273] [WARN] pomelo - [33m[E:\mypro\IronWolf\game-server\node_modules\pomelo\lib\common\service\handlerService.js] [39mcould not find the method enter in handler: entryHandler
[2016-08-05 16:51:07.273] [ERROR] pomelo - [31m[E:\mypro\IronWolf\game-server\node_modules\pomelo\lib\common\service\handlerService.js] [39m[handleManager]: fail to find handler for "connector.entryHandler.enter"
[2016-08-05 16:51:07.273] [DEBUG] pomelo - [36m[E:\mypro\IronWolf\game-server\node_modules\pomelo\lib\server\server.js] [39mno default error handler to resolve unknown exception. Error: fail to find handler for connector.entryHandler.enter
    at Service.handle (E:\mypro\IronWolf\game-server\node_modules\pomelo\lib\common\service\handlerService.js:33:30)
    at handle (E:\mypro\IronWolf\game-server\node_modules\pomelo\lib\server\server.js:370:25)
    at next (E:\mypro\IronWolf\game-server\node_modules\pomelo\lib\common\service\filterService.js:50:7)
    at Service.beforeFilter (E:\mypro\IronWolf\game-server\node_modules\pomelo\lib\common\service\filterService.js:65:3)
    at beforeFilter (E:\mypro\IronWolf\game-server\node_modules\pomelo\lib\server\server.js:242:8)
    at doHandle (E:\mypro\IronWolf\game-server\node_modules\pomelo\lib\server\server.js:383:3)
    at dispatch (E:\mypro\IronWolf\game-server\node_modules\pomelo\lib\server\server.js:107:7)
    at next (E:\mypro\IronWolf\game-server\node_modules\pomelo\lib\common\service\filterService.js:50:7)
    at Service.beforeFilter (E:\mypro\IronWolf\game-server\node_modules\pomelo\lib\common\service\filterService.js:65:3)
    at beforeFilter (E:\mypro\IronWolf\game-server\node_modules\pomelo\lib\server\server.js:242:8)
[2016-08-05 16:51:07.273] [DEBUG] pomelo - [36m[E:\mypro\IronWolf\game-server\node_modules\pomelo\lib\components\connector.js] [39m[connector-server-1] send message reqId: 3, route: connector.entryHandler.enter, msg: {"code":500}, receivers: [11], opts: {"type":"response","userOptions":{},"isResponse":true}
[2016-08-05 16:51:31.784] [INFO] pomelo - [32m[E:\mypro\IronWolf\game-server\node_modules\pomelo\lib\application.js] [39mapplication inited: "connector-server-1"
[2016-08-05 16:51:32.052] [INFO] pomelo - [32m[E:\mypro\IronWolf\game-server\node_modules\pomelo\lib\application.js] [39m"connector-server-1" enter after start...
[2016-08-05 16:51:32.056] [INFO] pomelo - [32m[E:\mypro\IronWolf\game-server\node_modules\pomelo\lib\application.js] [39m"connector-server-1" finish start
[2016-08-05 16:51:32.056] [INFO] pomelo - [32m[E:\mypro\IronWolf\game-server\node_modules\pomelo\lib\application.js] [39m"connector-server-1" startup in 212 ms
[2016-08-05 16:51:32.057] [DEBUG] pomelo - [36m[E:\mypro\IronWolf\game-server\node_modules\pomelo\lib\modules\monitorwatcher.js] [39m[connector-server-1] receive addServer signal: {"action":"addServer","server":{"main":"E:\\mypro\\IronWolf\\game-server\\app.js","env":"development","id":"gate-server-1","host":"127.0.0.1","clientPort":3014,"frontend":"true","serverType":"gate","pid":9100}}
[2016-08-05 16:51:38.629] [DEBUG] pomelo - [36m[E:\mypro\IronWolf\game-server\node_modules\pomelo\lib\components\connector.js] [39m[connector-server-1] getSession session is created with session id: 1
[2016-08-05 16:51:38.632] [DEBUG] pomelo - [36m[E:\mypro\IronWolf\game-server\node_modules\pomelo\lib\components\connector.js] [39m[connector-server-1] handleMessage session id: 1, msg: {"id":3,"route":"connector.entryHandler.enter","body":{"username":"123","rid":"2","timestamp":1470387098630}}
[2016-08-05 16:51:38.635] [DEBUG] pomelo - [36m[E:\mypro\IronWolf\game-server\node_modules\pomelo\lib\components\connector.js] [39msession on [connector-server-1] bind with uid: 123*2
[2016-08-05 16:53:03.628] [DEBUG] pomelo - [36m[E:\mypro\IronWolf\game-server\node_modules\pomelo\lib\common\service\sessionService.js] [39msession on [connector-server-1] is closed with session id: 1
